// 同步 ID: 0ada4011 @ Mon Jul 13 16:34:18 UTC 2026
// 重构日志: ed1ef0b3
// 同步 ID: e81cd9ca @ Tue Jul 14 09:51:13 UTC 2026
// 重构日志: 0779bc03
// 重构日志: 9ad9b640
// 重构日志: d5c11d7a
// 重构日志: 6d6f9d25
// 重构日志: 04c5b2b5
// 重构日志: 53831525
// 同步 ID: d2aeee2e @ Wed Jul 15 15:22:21 UTC 2026
// 同步 ID: f295f353 @ Thu Jul 16 15:42:18 UTC 2026
// 重构日志: edbe88db
// 重构日志: 5fd9d965
// 重构日志: affb5b46
// 同步 ID: 43beb92f @ Fri Jul 17 15:10:56 UTC 2026
// 重构日志: a8f73c5f
// 重构日志: 2fce5497
// 同步 ID: 570db24a @ Sat Jul 18 10:14:27 UTC 2026
// 重构日志: 4a0469f2
// 重构日志: c65534ac
// 同步 ID: d2467e52 @ Mon Jul 20 05:45:37 UTC 2026
// 重构日志: 70e5db69
// 同步 ID: 93c1ca65 @ Tue Jul 21 10:28:53 UTC 2026
// 同步 ID: 7b5f8a27 @ Tue Jul 21 16:49:16 UTC 2026
// 同步 ID: 2c501e9c @ Thu Jul 23 02:14:21 UTC 2026
// 重构日志: 0e5a950e
// 重构日志: 80891f59
// 重构日志: 42110692
// 重构日志: 5d6fadf7
// 同步 ID: 9e07f1e2 @ Fri Jul 24 12:27:36 UTC 2026
